c:\users\alexis-pc\onedrive\documentos\programacion orientada a objetos\proyectopoo2025ii-inventario\inventario\inventariomodel\x64\debug\vc143.pdb
c:\users\alexis-pc\onedrive\documentos\programacion orientada a objetos\proyectopoo2025ii-inventario\inventario\inventariomodel\x64\debug\.netframework,version=v4.7.2.assemblyattributes.obj
c:\users\alexis-pc\onedrive\documentos\programacion orientada a objetos\proyectopoo2025ii-inventario\inventario\inventariomodel\x64\debug\categoriaobjetos.obj
c:\users\alexis-pc\onedrive\documentos\programacion orientada a objetos\proyectopoo2025ii-inventario\inventario\inventariomodel\x64\debug\inventariomodel.vcxproj.assemblyreference.cache
c:\users\alexis-pc\onedrive\documentos\programacion orientada a objetos\proyectopoo2025ii-inventario\inventario\x64\debug\inventariomodel.pdb
c:\users\alexis-pc\onedrive\documentos\programacion orientada a objetos\proyectopoo2025ii-inventario\inventario\inventariomodel\x64\debug\inventariomodel.tlog\cl.command.1.tlog
c:\users\alexis-pc\onedrive\documentos\programacion orientada a objetos\proyectopoo2025ii-inventario\inventario\inventariomodel\x64\debug\inventariomodel.tlog\cl.read.1.tlog
c:\users\alexis-pc\onedrive\documentos\programacion orientada a objetos\proyectopoo2025ii-inventario\inventario\inventariomodel\x64\debug\inventariomodel.tlog\cl.write.1.tlog
c:\users\alexis-pc\onedrive\documentos\programacion orientada a objetos\proyectopoo2025ii-inventario\inventario\inventariomodel\x64\debug\inventariomodel.tlog\link.17216.read.1.tlog
c:\users\alexis-pc\onedrive\documentos\programacion orientada a objetos\proyectopoo2025ii-inventario\inventario\inventariomodel\x64\debug\inventariomodel.tlog\link.17216.read.2.tlog
c:\users\alexis-pc\onedrive\documentos\programacion orientada a objetos\proyectopoo2025ii-inventario\inventario\inventariomodel\x64\debug\inventariomodel.tlog\link.17216.read.3.tlog
c:\users\alexis-pc\onedrive\documentos\programacion orientada a objetos\proyectopoo2025ii-inventario\inventario\inventariomodel\x64\debug\inventariomodel.tlog\link.17216.read.4.tlog
c:\users\alexis-pc\onedrive\documentos\programacion orientada a objetos\proyectopoo2025ii-inventario\inventario\inventariomodel\x64\debug\inventariomodel.tlog\link.17216.write.1.tlog
c:\users\alexis-pc\onedrive\documentos\programacion orientada a objetos\proyectopoo2025ii-inventario\inventario\inventariomodel\x64\debug\inventariomodel.tlog\link.command.1.tlog
c:\users\alexis-pc\onedrive\documentos\programacion orientada a objetos\proyectopoo2025ii-inventario\inventario\inventariomodel\x64\debug\inventariomodel.tlog\link.read.1.tlog
c:\users\alexis-pc\onedrive\documentos\programacion orientada a objetos\proyectopoo2025ii-inventario\inventario\inventariomodel\x64\debug\inventariomodel.tlog\link.read.2.tlog
c:\users\alexis-pc\onedrive\documentos\programacion orientada a objetos\proyectopoo2025ii-inventario\inventario\inventariomodel\x64\debug\inventariomodel.tlog\link.read.3.tlog
c:\users\alexis-pc\onedrive\documentos\programacion orientada a objetos\proyectopoo2025ii-inventario\inventario\inventariomodel\x64\debug\inventariomodel.tlog\link.read.4.tlog
c:\users\alexis-pc\onedrive\documentos\programacion orientada a objetos\proyectopoo2025ii-inventario\inventario\inventariomodel\x64\debug\inventariomodel.tlog\link.write.1.tlog
c:\users\alexis-pc\onedrive\documentos\programacion orientada a objetos\proyectopoo2025ii-inventario\inventario\inventariomodel\x64\debug\inventariomodel.tlog\metagen.read.1.tlog
c:\users\alexis-pc\onedrive\documentos\programacion orientada a objetos\proyectopoo2025ii-inventario\inventario\inventariomodel\x64\debug\inventariomodel.tlog\metagen.write.1.tlog
